[TRT] batch0: decode=53  afterNMS=8  thresh=0.45  nms=0.45
[DET] raw=8  valid=8  | cls0(0.84)[1,757,380x323] cls0(0.73)[1426,611,302x324] cls0(0.71)[199,87,140x54] cls0(0.68)[245,315,230x169] cls0(0.67)[0,140,104x60] cls0(0.52)[1374,253,158x147] cls0(0.51)[1340,107,105x85] cls10(0.49)[219,156,28x66] 
[TRT] batch6: decode=69  afterNMS=10  thresh=0.45  nms=0.45
[DET] raw=10  valid=10  | cls0(0.82)[1,756,378x323] cls0(0.81)[200,86,155x56] cls0(0.73)[628,144,164x106] cls0(0.69)[1,139,102x61] cls0(0.64)[21,93,153x53] cls0(0.63)[1425,613,301x312] cls10(0.57)[123,185,39x77] cls0(0.51)[1374,252,158x148] 
[TRT] batch4: decode=68  afterNMS=9  thresh=0.45  nms=0.45
[DET] raw=7  valid=7  | cls0(0.85)[1,756,380x324] cls0(0.83)[199,86,156x56] cls0(0.81)[1424,611,305x311] cls0(0.80)[222,276,222x165] cls0(0.70)[0,137,107x63] cls0(0.63)[24,93,149x52] cls0(0.50)[1341,109,104x82] 
[TRT] batch2: decode=47  afterNMS=7  thresh=0.45  nms=0.45
[DET] raw=7  valid=7  | cls0(0.81)[1,756,380x323] cls0(0.81)[200,86,155x55] cls0(0.76)[1425,611,302x312] cls0(0.69)[0,137,105x63] cls0(0.68)[21,94,151x52] cls0(0.52)[1340,109,106x83] cls0(0.49)[1374,252,157x150] 
[TRT] batch0: decode=45  afterNMS=6  thresh=0.45  nms=0.45
[DET] raw=6  valid=6  | cls0(0.83)[0,756,381x323] cls0(0.74)[1425,610,299x312] cls0(0.73)[201,86,152x56] cls0(0.70)[2,136,102x65] cls0(0.62)[24,93,148x52] cls0(0.53)[721,52,114x73] 
[TRT] batch6: decode=55  afterNMS=7  thresh=0.45  nms=0.45
[DET] raw=7  valid=7  | cls0(0.84)[200,85,154x57] cls0(0.84)[0,756,380x323] cls0(0.73)[1426,611,297x333] cls0(0.68)[0,136,107x64] cls0(0.68)[124,330,256x179] cls0(0.66)[21,93,148x53] cls0(0.48)[1341,111,103x81] 
[TRT] batch4: decode=44  afterNMS=6  thresh=0.45  nms=0.45
[DET] raw=6  valid=6  | cls0(0.84)[1,756,380x323] cls0(0.80)[200,86,155x56] cls0(0.78)[1425,611,305x314] cls0(0.66)[0,138,107x62] cls0(0.65)[21,93,152x52] cls0(0.50)[1344,110,101x82] 
[TRT] batch2: decode=44  afterNMS=6  thresh=0.45  nms=0.45
[DET] raw=8  valid=8  | cls0(0.83)[201,85,154x56] cls0(0.81)[0,756,381x324] cls0(0.75)[1426,611,303x323] cls0(0.71)[0,137,106x63] cls0(0.65)[20,94,149x53] cls0(0.56)[1343,113,103x78] cls0(0.50)[1376,252,159x150] cls0(0.46)[1512,909,271x170] 
[TRT] batch0: decode=55  afterNMS=8  thresh=0.45  nms=0.45
[DET] raw=6  valid=6  | cls0(0.83)[200,85,155x56] cls0(0.81)[1,756,379x324] cls0(0.79)[1426,612,304x309] cls0(0.73)[1,133,103x68] cls0(0.65)[17,92,154x55] cls0(0.61)[1342,115,103x76] 
[TRT] batch6: decode=50  afterNMS=7  thresh=0.45  nms=0.45
[DET] raw=5  valid=5  | cls0(0.79)[1,756,380x324] cls0(0.79)[201,86,155x55] cls0(0.71)[1425,610,303x317] cls0(0.65)[0,138,104x62] cls0(0.64)[22,93,151x53] 
[TRT] batch4: decode=48  afterNMS=6  thresh=0.45  nms=0.45
[DET] raw=6  valid=6  | cls0(0.81)[200,85,155x56] cls0(0.80)[1,756,380x323] cls0(0.73)[0,139,103x61] cls0(0.73)[1425,611,302x312] cls0(0.65)[20,93,148x53] cls0(0.58)[1339,112,106x80] 
[TRT] batch2: decode=45  afterNMS=6  thresh=0.45  nms=0.45
[DET] raw=7  valid=7  | cls0(0.81)[200,86,154x55] cls0(0.75)[0,756,381x323] cls0(0.71)[0,136,106x64] cls0(0.71)[1428,611,299x308] cls0(0.66)[18,94,155x53] cls0(0.46)[1343,113,101x78] cls0(0.46)[1375,252,158x151] 
[TRT] batch0: decode=58  afterNMS=7  thresh=0.45  nms=0.45
[DET] raw=8  valid=8  | cls0(0.82)[1,756,380x324] cls0(0.80)[1096,225,138x120] cls0(0.80)[199,83,156x58] cls0(0.73)[1426,610,297x313] cls0(0.71)[1,135,103x66] cls0(0.66)[20,94,152x53] cls0(0.49)[1374,253,158x149] cls0(0.49)[1344,109,102x82] 
[TRT] batch6: decode=32  afterNMS=6  thresh=0.45  nms=0.45
[DET] raw=8  valid=8  | cls0(0.83)[1,756,380x324] cls0(0.79)[199,82,156x59] cls0(0.76)[1425,611,302x331] cls0(0.67)[1,134,102x67] cls0(0.65)[978,509,265x267] cls0(0.61)[27,94,146x52] cls0(0.48)[1341,110,105x82] cls0(0.47)[1165,62,81x66] 
[TRT] batch4: decode=57  afterNMS=8  thresh=0.45  nms=0.45
[DET] raw=7  valid=7  | cls0(0.80)[1,756,381x323] cls0(0.80)[199,84,156x57] cls0(0.78)[1425,611,302x314] cls0(0.71)[25,94,147x53] cls0(0.66)[0,137,103x63] cls0(0.51)[1341,109,105x83] cls0(0.48)[1150,138,107x83] 
[TRT] batch2: decode=37  afterNMS=5  thresh=0.45  nms=0.45
[DET] raw=5  valid=5  | cls0(0.80)[2,756,379x324] cls0(0.80)[198,86,158x56] cls0(0.71)[1425,611,298x312] cls0(0.63)[26,94,147x51] cls0(0.62)[0,140,106x60] 
[TRT] batch0: decode=39  afterNMS=5  thresh=0.45  nms=0.45
[DET] raw=6  valid=6  | cls0(0.84)[199,83,155x59] cls0(0.80)[1,755,380x324] cls0(0.77)[1427,612,301x309] cls0(0.66)[0,141,104x59] cls0(0.58)[26,94,146x53] cls0(0.50)[1513,910,252x169] 
[TRT] batch6: decode=48  afterNMS=6  thresh=0.45  nms=0.45
[DET] raw=5  valid=5  | cls0(0.84)[0,753,383x326] cls0(0.70)[0,137,101x62] cls0(0.66)[1425,611,301x320] cls0(0.50)[201,89,107x54] cls0(0.49)[29,93,145x54] 
[TRT] batch4: decode=42  afterNMS=6  thresh=0.45  nms=0.45
[DET] raw=5  valid=5  | cls0(0.83)[199,83,156x60] cls0(0.74)[135,609,378x307] cls0(0.72)[1426,610,301x317] cls0(0.69)[0,139,104x61] cls2(0.45)[870,0,253x57] 
[TRT] batch2: decode=46  afterNMS=6  thresh=0.45  nms=0.45
[DET] raw=6  valid=6  | cls0(0.81)[1,755,340x316] cls0(0.75)[200,85,155x57] cls0(0.74)[447,383,264x200] cls0(0.69)[1426,611,299x309] cls0(0.67)[0,138,109x61] cls0(0.54)[26,93,148x53] 
[TRT] batch0: decode=42  afterNMS=6  thresh=0.45  nms=0.45
[DET] raw=5  valid=5  | cls0(0.79)[199,85,156x58] cls0(0.72)[0,136,104x64] cls0(0.66)[1426,610,302x314] cls0(0.58)[25,95,145x53] cls0(0.52)[391,427,249x200] 
[TRT] batch6: decode=60  afterNMS=8  thresh=0.45  nms=0.45
[DET] raw=7  valid=7  | cls0(0.78)[199,85,156x57] cls0(0.78)[393,424,321x246] cls0(0.73)[543,122,146x85] cls0(0.70)[0,139,104x61] cls0(0.69)[1426,611,300x313] cls0(0.67)[627,237,138x122] cls0(0.52)[22,93,151x52] 
[TRT] batch4: decode=50  afterNMS=7  thresh=0.45  nms=0.45
[DET] raw=6  valid=6  | cls0(0.79)[556,135,127x94] cls0(0.71)[707,195,170x144] cls0(0.69)[0,139,106x60] cls0(0.65)[1426,612,302x317] cls0(0.60)[195,88,195x82] cls0(0.50)[1340,108,106x84] 
[TRT] batch2: decode=50  afterNMS=8  thresh=0.45  nms=0.45
[DET] raw=8  valid=8  | cls10(0.74)[1649,180,39x80] cls0(0.72)[199,84,155x58] cls0(0.68)[665,106,154x106] cls0(0.68)[0,139,105x60] cls0(0.67)[1427,610,299x309] cls0(0.64)[327,110,129x67] cls0(0.47)[1373,252,161x150] cls0(0.47)[26,93,143x54] 
[TRT] batch0: decode=31  afterNMS=5  thresh=0.45  nms=0.45
[DET] raw=5  valid=5  | cls0(0.71)[199,87,151x54] cls0(0.67)[1,142,98x58] cls0(0.58)[1426,612,298x311] cls0(0.52)[1374,251,162x151] cls10(0.50)[1674,213,39x91] 
[TRT] batch6: decode=20  afterNMS=3  thresh=0.45  nms=0.45
[DET] raw=5  valid=5  | cls0(0.79)[203,84,151x58] cls0(0.72)[0,137,104x63] cls0(0.71)[1425,611,300x309] cls0(0.51)[1375,251,158x148] cls10(0.45)[1711,251,43x73] 
[TRT] batch4: decode=30  afterNMS=4  thresh=0.45  nms=0.45
[DET] raw=6  valid=6  | cls0(0.82)[199,83,157x59] cls0(0.72)[0,137,104x62] cls0(0.61)[25,93,149x52] cls0(0.60)[1426,612,296x312] cls0(0.49)[1340,110,106x82] cls0(0.47)[1375,252,156x149] 
[TRT] batch2: decode=31  afterNMS=5  thresh=0.45  nms=0.45
[DET] raw=4  valid=4  | cls0(0.80)[200,85,155x57] cls0(0.71)[0,139,106x60] cls0(0.59)[1424,612,303x311] cls0(0.54)[24,93,146x54] 
[TRT] batch0: decode=34  afterNMS=5  thresh=0.45  nms=0.45
[DET] raw=4  valid=4  | cls0(0.81)[200,85,155x57] cls0(0.70)[1425,611,300x320] cls0(0.68)[0,137,104x62] cls0(0.57)[21,94,151x54] 
[TRT] batch6: decode=37  afterNMS=5  thresh=0.45  nms=0.45
[DET] raw=5  valid=5  | cls0(0.80)[198,84,156x58] cls0(0.79)[1424,611,303x316] cls0(0.71)[0,135,106x64] cls0(0.62)[22,94,150x51] cls0(0.51)[496,93,75x37] 
[TRT] batch4: decode=39  afterNMS=5  thresh=0.45  nms=0.45
[DET] raw=3  valid=3  | cls0(0.68)[0,138,105x62] cls0(0.63)[1424,612,300x314] cls0(0.45)[25,93,148x53] 
[TRT] batch2: decode=36  afterNMS=5  thresh=0.45  nms=0.45
[DET] raw=5  valid=5  | cls0(0.72)[0,137,108x62] cls0(0.62)[1426,611,300x312] cls0(0.51)[29,93,144x54] cls0(0.46)[1348,143,99x49] cls0(0.45)[202,77,216x68] 
[TRT] batch0: decode=22  afterNMS=3  thresh=0.45  nms=0.45
[DET] raw=3  valid=3  | cls0(0.78)[205,84,150x58] cls0(0.75)[0,138,106x61] cls0(0.70)[1425,610,299x312] 
[TRT] batch6: decode=31  afterNMS=5  thresh=0.45  nms=0.45
[DET] raw=5  valid=5  | cls0(0.82)[200,85,156x57] cls0(0.77)[0,133,105x66] cls0(0.67)[1426,611,298x311] cls0(0.56)[1342,114,103x77] cls0(0.53)[24,94,149x54] 
[TRT] batch4: decode=32  afterNMS=5  thresh=0.45  nms=0.45
[DET] raw=4  valid=4  | cls0(0.80)[0,136,123x62] cls0(0.79)[200,85,155x57] cls0(0.74)[1425,611,300x309] cls0(0.56)[37,93,135x52] 
[TRT] batch2: decode=35  afterNMS=5  thresh=0.45  nms=0.45
[DET] raw=8  valid=8  | cls0(0.87)[110,133,178x64] cls0(0.81)[1426,611,301x311] cls0(0.71)[189,82,164x57] cls0(0.67)[0,162,82x64] cls10(0.59)[1671,191,45x87] cls0(0.56)[1376,254,155x150] cls0(0.56)[27,93,145x56] cls0(0.46)[0,297,178x182] 
[TRT] batch0: decode=49  afterNMS=7  thresh=0.45  nms=0.45
[DET] raw=7  valid=7  | cls0(0.81)[513,87,200x71] cls0(0.80)[144,143,209x77] cls0(0.78)[43,133,131x63] cls0(0.72)[196,84,159x57] cls0(0.69)[1427,611,299x324] cls10(0.51)[1671,252,48x96] cls0(0.49)[1375,253,156x151] 
[TRT] batch6: decode=54  afterNMS=10  thresh=0.45  nms=0.45
[DET] raw=8  valid=8  | cls0(0.88)[46,183,159x83] cls0(0.86)[200,83,157x60] cls0(0.82)[538,101,223x79] cls0(0.70)[1425,610,302x329] cls0(0.66)[452,92,130x68] cls0(0.60)[57,94,113x53] cls0(0.57)[1373,253,157x150] cls10(0.50)[4,394,73x132] 
[TRT] batch4: decode=69  afterNMS=11  thresh=0.45  nms=0.45
[DET] raw=8  valid=8  | cls0(0.85)[0,159,122x96] cls0(0.80)[199,83,147x59] cls0(0.73)[234,221,158x108] cls0(0.68)[941,52,179x66] cls0(0.63)[26,94,145x55] cls0(0.60)[328,86,209x91] cls0(0.52)[1425,608,301x325] cls0(0.46)[1375,252,158x148] 
[TRT] batch2: decode=38  afterNMS=7  thresh=0.45  nms=0.45
[DET] raw=11  valid=11  | cls0(0.84)[367,98,192x84] cls0(0.80)[101,162,191x108] cls0(0.73)[198,85,156x58] cls0(0.71)[0,170,76x71] cls0(0.71)[1427,611,301x304] cls10(0.70)[101,547,76x207] cls10(0.63)[906,929,175x151] cls0(0.61)[25,94,147x54] 
[TRT] batch0: decode=71  afterNMS=9  thresh=0.45  nms=0.45
[DET] raw=10  valid=10  | cls0(0.78)[180,183,186x110] cls0(0.76)[199,84,154x58] cls0(0.68)[1431,611,291x305] cls0(0.68)[74,178,123x65] cls0(0.63)[29,135,173x66] cls0(0.56)[273,268,141x136] cls0(0.53)[1344,141,102x53] cls0(0.52)[0,295,181x181] 
[TRT] batch6: decode=63  afterNMS=9  thresh=0.45  nms=0.45
[DET] raw=10  valid=10  | cls0(0.84)[462,91,213x77] cls0(0.79)[200,85,159x57] cls0(0.74)[299,165,174x80] cls0(0.72)[206,183,180x123] cls0(0.62)[23,94,150x54] cls0(0.61)[1426,612,298x312] cls10(0.58)[605,661,82x250] cls10(0.51)[581,361,47x113] 
[TRT] batch4: decode=77  afterNMS=12  thresh=0.45  nms=0.45
[DET] raw=8  valid=8  | cls0(0.80)[445,178,184x106] cls0(0.79)[11,166,207x83] cls0(0.78)[198,85,158x57] cls0(0.65)[1431,611,296x309] cls0(0.58)[217,184,178x125] cls10(0.51)[1675,250,35x94] cls10(0.48)[943,894,142x180] cls0(0.45)[23,94,149x54] 
[TRT] batch2: decode=68  afterNMS=12  thresh=0.45  nms=0.45
[DET] raw=9  valid=9  | cls0(0.79)[198,84,159x59] cls0(0.78)[0,171,80x72] cls0(0.68)[1434,610,292x311] cls0(0.58)[25,94,147x54] cls0(0.57)[218,179,180x129] cls0(0.57)[493,205,144x123] cls0(0.50)[1374,252,159x149] cls10(0.46)[930,864,153x215] 
[TRT] batch0: decode=65  afterNMS=14  thresh=0.45  nms=0.45
[DET] raw=9  valid=9  | cls0(0.80)[219,181,168x125] cls0(0.75)[330,170,193x88] cls0(0.74)[197,85,162x58] cls0(0.74)[74,167,154x79] cls0(0.61)[0,298,178x157] cls0(0.57)[476,218,142x135] cls0(0.57)[243,281,162x158] cls0(0.56)[23,94,150x54] 
[TRT] batch6: decode=61  afterNMS=10  thresh=0.45  nms=0.45
[DET] raw=10  valid=10  | cls0(0.75)[176,164,135x78] cls0(0.74)[195,85,163x57] cls0(0.73)[393,171,199x95] cls0(0.72)[142,335,222x166] cls0(0.72)[219,182,176x131] cls0(0.64)[26,94,146x54] cls0(0.62)[1,153,102x75] cls0(0.61)[438,246,163x153] 
[TRT] batch4: decode=66  afterNMS=11  thresh=0.45  nms=0.45
[DET] raw=9  valid=9  | cls0(0.86)[34,158,179x74] cls0(0.79)[301,332,230x173] cls0(0.78)[200,85,159x58] cls0(0.75)[461,188,187x122] cls0(0.63)[234,191,164x138] cls0(0.59)[302,167,152x79] cls0(0.57)[24,93,149x55] cls0(0.53)[0,539,73x136] 
[TRT] batch2: decode=52  afterNMS=7  thresh=0.45  nms=0.45
[DET] raw=7  valid=7  | cls0(0.83)[150,158,182x81] cls0(0.73)[1426,609,301x324] cls0(0.72)[201,86,165x56] cls0(0.64)[383,167,152x99] cls0(0.61)[26,94,147x54] cls10(0.48)[935,861,152x218] cls0(0.47)[1375,254,161x146] 
[TRT] batch0: decode=41  afterNMS=5  thresh=0.45  nms=0.45
[DET] raw=6  valid=6  | cls0(0.75)[0,157,141x84] cls0(0.72)[199,85,159x56] cls0(0.70)[109,282,242x210] cls0(0.66)[249,165,192x88] cls0(0.65)[1431,610,297x312] cls0(0.62)[28,93,146x53] 
[TRT] batch6: decode=61  afterNMS=8  thresh=0.45  nms=0.45
[DET] raw=10  valid=10  | cls0(0.76)[96,159,167x89] cls0(0.70)[1432,610,299x306] cls0(0.69)[27,95,146x53] cls0(0.67)[198,86,163x55] cls0(0.63)[334,178,179x106] cls0(0.62)[182,381,274x213] cls0(0.53)[263,858,474x222] cls0(0.51)[437,239,132x136] 
[TRT] batch4: decode=71  afterNMS=9  thresh=0.45  nms=0.45
[DET] raw=10  valid=10  | cls0(0.83)[400,663,431x416] cls0(0.82)[27,93,147x55] cls0(0.75)[203,165,173x96] cls0(0.74)[199,86,157x56] cls0(0.74)[1,934,213x146] cls0(0.72)[226,373,217x198] cls0(0.68)[1426,609,302x315] cls0(0.59)[385,227,130x145] 
[TRT] batch2: decode=80  afterNMS=10  thresh=0.45  nms=0.45
[DET] raw=11  valid=11  | cls0(0.81)[26,94,145x54] cls0(0.79)[200,87,153x55] cls0(0.79)[1,934,213x146] cls0(0.77)[138,380,257x207] cls0(0.74)[1435,608,292x311] cls0(0.61)[352,192,160x125] cls0(0.60)[772,307,222x199] cls0(0.55)[1346,113,98x77] 
[TRT] batch0: decode=75  afterNMS=10  thresh=0.45  nms=0.45
[DET] raw=9  valid=9  | cls0(0.88)[904,568,301x328] cls0(0.83)[201,83,153x60] cls0(0.83)[108,365,271x220] cls0(0.80)[1,933,213x146] cls0(0.79)[26,94,147x54] cls0(0.78)[610,463,309x265] cls0(0.76)[1427,611,299x315] cls0(0.46)[862,46,89x42] 
[TRT] batch6: decode=55  afterNMS=9  thresh=0.45  nms=0.45
[DET] raw=8  valid=8  | cls0(0.82)[941,157,147x102] cls0(0.78)[199,84,157x57] cls0(0.78)[25,93,148x54] cls0(0.73)[697,99,142x90] cls0(0.71)[1048,274,166x145] cls0(0.65)[1433,611,293x327] cls0(0.65)[0,933,213x146] cls0(0.59)[1344,109,104x81] 
[TRT] batch4: decode=70  afterNMS=10  thresh=0.45  nms=0.45
[DET] raw=10  valid=10  | cls0(0.82)[274,311,239x186] cls0(0.79)[1425,609,304x315] cls0(0.79)[1,934,212x146] cls0(0.79)[201,85,153x57] cls0(0.75)[25,95,146x53] cls0(0.72)[847,247,191x149] cls10(0.54)[1671,378,63x134] cls0(0.53)[1343,107,101x81] 
[TRT] batch2: decode=33  afterNMS=6  thresh=0.45  nms=0.45
[DET] raw=5  valid=5  | cls0(0.64)[200,84,153x56] cls0(0.58)[1,933,213x146] cls0(0.57)[26,94,145x53] cls0(0.57)[1429,610,298x319] cls0(0.47)[1166,124,103x97] 
[TRT] batch0: decode=53  afterNMS=9  thresh=0.45  nms=0.45
[DET] raw=8  valid=8  | cls0(0.71)[785,53,113x78] cls0(0.70)[1068,230,159x136] cls0(0.68)[964,142,136x101] cls0(0.68)[1426,611,301x323] cls0(0.64)[201,88,150x52] cls0(0.63)[1187,32,74x73] cls0(0.62)[23,94,149x54] cls0(0.49)[1345,105,101x86] 
[TRT] batch6: decode=55  afterNMS=10  thresh=0.45  nms=0.45
[DET] raw=8  valid=8  | cls0(0.82)[272,290,232x190] cls0(0.79)[1426,611,303x317] cls0(0.75)[483,694,409x386] cls0(0.70)[1098,207,137x116] cls0(0.63)[1,933,211x146] cls0(0.58)[198,88,149x53] cls0(0.57)[24,93,148x54] cls0(0.47)[1138,74,94x73] 
[TRT] batch4: decode=37  afterNMS=5  thresh=0.45  nms=0.45
[DET] raw=7  valid=7  | cls0(0.73)[1426,610,300x314] cls0(0.73)[948,204,160x125] cls0(0.68)[23,94,149x54] cls0(0.60)[0,933,214x147] cls0(0.59)[200,91,105x53] cls0(0.55)[707,50,106x77] cls0(0.51)[1340,111,106x81] 
[TRT] batch2: decode=41  afterNMS=7  thresh=0.45  nms=0.45
[DET] raw=10  valid=10  | cls0(0.82)[933,542,277x280] cls0(0.80)[606,153,166x109] cls0(0.76)[1424,611,304x316] cls0(0.73)[199,88,140x56] cls0(0.67)[28,94,143x53] cls0(0.64)[0,933,212x146] cls0(0.54)[1340,107,105x85] cls10(0.51)[1693,246,38x108] 
